{"name": "Session scheduling by Ops User", "status": "broken", "statusDetails": {"message": "selenium.common.exceptions.ElementNotInteractableException: Message: element not interactable\n  (Session info: chrome=101.0.4951.64)\nStacktrace:\nBacktrace:\n\tOrdinal0 [0x00ED7413+2389011]\n\tOrdinal0 [0x00E69F61+1941345]\n\tOrdinal0 [0x00D5C520+836896]\n\tOrdinal0 [0x00D8A1F3+1024499]\n\tOrdinal0 [0x00D7FF93+982931]\n\tOrdinal0 [0x00DA414C+1130828]\n\tOrdinal0 [0x00D7F974+981364]\n\tOrdinal0 [0x00DA4364+1131364]\n\tOrdinal0 [0x00DB4302+1196802]\n\tOrdinal0 [0x00DA3F66+1130342]\n\tOrdinal0 [0x00D7E546+976198]\n\tOrdinal0 [0x00D7F456+980054]\n\tGetHandleVerifier [0x01089632+1727522]\n\tGetHandleVerifier [0x0113BA4D+2457661]\n\tGetHandleVerifier [0x00F6EB81+569713]\n\tGetHandleVerifier [0x00F6DD76+566118]\n\tOrdinal0 [0x00E70B2B+1968939]\n\tOrdinal0 [0x00E75988+1989000]\n\tOrdinal0 [0x00E75A75+1989237]\n\tOrdinal0 [0x00E7ECB1+2026673]\n\tBaseThreadInitThunk [0x7603FA29+25]\n\tRtlGetAppContainerNamedObjectPath [0x77027A7E+286]\n\tRtlGetAppContainerNamedObjectPath [0x77027A4E+238]\n\n", "trace": "  File \"c:\\users\\kanaka\\pycharmprojects\\qworkspace\\venv\\lib\\site-packages\\behave\\model.py\", line 1329, in run\n    match.run(runner.context)\n  File \"c:\\users\\kanaka\\pycharmprojects\\qworkspace\\venv\\lib\\site-packages\\behave\\matchers.py\", line 98, in run\n    self.func(context, *args, **kwargs)\n  File \"features\\steps\\SessionScheduling.py\", line 155, in Opsschedulesession\n    context.driver.find_element_by_xpath(selectaday).click()\n  File \"c:\\users\\kanaka\\pycharmprojects\\qworkspace\\venv\\lib\\site-packages\\selenium\\webdriver\\remote\\webelement.py\", line 80, in click\n    self._execute(Command.CLICK_ELEMENT)\n  File \"c:\\users\\kanaka\\pycharmprojects\\qworkspace\\venv\\lib\\site-packages\\selenium\\webdriver\\remote\\webelement.py\", line 693, in _execute\n    return self._parent.execute(command, params)\n  File \"c:\\users\\kanaka\\pycharmprojects\\qworkspace\\venv\\lib\\site-packages\\selenium\\webdriver\\remote\\webdriver.py\", line 400, in execute\n    self.error_handler.check_response(response)\n  File \"c:\\users\\kanaka\\pycharmprojects\\qworkspace\\venv\\lib\\site-packages\\selenium\\webdriver\\remote\\errorhandler.py\", line 236, in check_response\n    raise exception_class(message, screen, stacktrace)\n"}, "steps": [{"name": "Given Operation person should logged in with valid credential \"opsqdev@outlook.com\" , \"Kanaka@123\"", "status": "passed", "start": 1652437915085, "stop": 1652437967091}, {"name": "When Schedule session with the client \"QtestClient1\"", "status": "passed", "attachments": [{"name": "Schedule Next Session calendar", "source": "1ee94e10-eac5-4128-a636-b95ab433c3be-attachment.png", "type": "image/png"}], "start": 1652437967093, "stop": 1652437986567}, {"name": "Then Session scheduled for client and coach", "status": "broken", "statusDetails": {"message": "selenium.common.exceptions.ElementNotInteractableException: Message: element not interactable\n  (Session info: chrome=101.0.4951.64)\nStacktrace:\nBacktrace:\n\tOrdinal0 [0x00ED7413+2389011]\n\tOrdinal0 [0x00E69F61+1941345]\n\tOrdinal0 [0x00D5C520+836896]\n\tOrdinal0 [0x00D8A1F3+1024499]\n\tOrdinal0 [0x00D7FF93+982931]\n\tOrdinal0 [0x00DA414C+1130828]\n\tOrdinal0 [0x00D7F974+981364]\n\tOrdinal0 [0x00DA4364+1131364]\n\tOrdinal0 [0x00DB4302+1196802]\n\tOrdinal0 [0x00DA3F66+1130342]\n\tOrdinal0 [0x00D7E546+976198]\n\tOrdinal0 [0x00D7F456+980054]\n\tGetHandleVerifier [0x01089632+1727522]\n\tGetHandleVerifier [0x0113BA4D+2457661]\n\tGetHandleVerifier [0x00F6EB81+569713]\n\tGetHandleVerifier [0x00F6DD76+566118]\n\tOrdinal0 [0x00E70B2B+1968939]\n\tOrdinal0 [0x00E75988+1989000]\n\tOrdinal0 [0x00E75A75+1989237]\n\tOrdinal0 [0x00E7ECB1+2026673]\n\tBaseThreadInitThunk [0x7603FA29+25]\n\tRtlGetAppContainerNamedObjectPath [0x77027A7E+286]\n\tRtlGetAppContainerNamedObjectPath [0x77027A4E+238]\n\n", "trace": "  File \"c:\\users\\kanaka\\pycharmprojects\\qworkspace\\venv\\lib\\site-packages\\behave\\model.py\", line 1329, in run\n    match.run(runner.context)\n  File \"c:\\users\\kanaka\\pycharmprojects\\qworkspace\\venv\\lib\\site-packages\\behave\\matchers.py\", line 98, in run\n    self.func(context, *args, **kwargs)\n  File \"features\\steps\\SessionScheduling.py\", line 155, in Opsschedulesession\n    context.driver.find_element_by_xpath(selectaday).click()\n  File \"c:\\users\\kanaka\\pycharmprojects\\qworkspace\\venv\\lib\\site-packages\\selenium\\webdriver\\remote\\webelement.py\", line 80, in click\n    self._execute(Command.CLICK_ELEMENT)\n  File \"c:\\users\\kanaka\\pycharmprojects\\qworkspace\\venv\\lib\\site-packages\\selenium\\webdriver\\remote\\webelement.py\", line 693, in _execute\n    return self._parent.execute(command, params)\n  File \"c:\\users\\kanaka\\pycharmprojects\\qworkspace\\venv\\lib\\site-packages\\selenium\\webdriver\\remote\\webdriver.py\", line 400, in execute\n    self.error_handler.check_response(response)\n  File \"c:\\users\\kanaka\\pycharmprojects\\qworkspace\\venv\\lib\\site-packages\\selenium\\webdriver\\remote\\errorhandler.py\", line 236, in check_response\n    raise exception_class(message, screen, stacktrace)\n"}, "start": 1652437986568, "stop": 1652438011695}], "start": 1652437915080, "stop": 1652438011695, "uuid": "1ec4ddbf-14d5-4af6-a6d7-22a5d8ae4934", "historyId": "d112bb06525b15c4dd7cf4dfc14f1464", "fullName": "Session scheduling across all 3 three user roles: Session scheduling by Ops User", "labels": [{"name": "severity", "value": "normal"}, {"name": "feature", "value": "Session scheduling across all 3 three user roles"}, {"name": "framework", "value": "behave"}, {"name": "language", "value": "cpython3"}]}